<?xml version="1.0" encoding="UTF-8"?>
<!-- Generated by org.testng.reporters.JUnitXMLReporter -->
<testsuite ignored="0" hostname="LAPTOP-5RBN0547" failures="0" tests="2" name="Error Validations Test" time="15.181" errors="0" timestamp="2022-09-21T14:43:06 IST">
  <testcase classname="practice.Tests.ErrorValidationsTest" name="LoginErrorValidation" time="0.619"/>
  <testcase classname="practice.Tests.ErrorValidationsTest" name="ProductErrorValidation" time="6.726"/>
</testsuite> <!-- Error Validations Test -->
