<?xml version="1.0" encoding="UTF-8"?>
<!-- Generated by org.testng.reporters.JUnitXMLReporter -->
<testsuite ignored="1" hostname="LAPTOP-5RBN0547" failures="0" tests="2" name="Submit Order Test" time="46.915" errors="0" timestamp="2022-12-19T17:10:28 IST">
  <testcase classname="practice.Tests.SubmitOrderTest" name="submitOrder" time="8.233"/>
  <testcase classname="practice.Tests.SubmitOrderTest" name="submitOrder" time="8.372"/>
  <testcase classname="practice.Tests.SubmitOrderTest" name="orderHistoryTest" time="0.0">
    <ignored/>
  </testcase> <!-- orderHistoryTest -->
</testsuite> <!-- Submit Order Test -->
