<?xml version="1.0" encoding="UTF-8"?>
<testng-results ignored="0" total="1" passed="1" failed="0" skipped="0">
  <reporter-output>
  </reporter-output>
  <suite started-at="2022-09-14T14:52:42 IST" name="Default suite" finished-at="2022-09-14T14:52:53 IST" duration-ms="11138">
    <groups>
    </groups>
    <test started-at="2022-09-14T14:52:42 IST" name="Default test" finished-at="2022-09-14T14:52:53 IST" duration-ms="11138">
      <class name="practice.Tests.SubmitOrderTest">
        <test-method is-config="true" signature="launchApplication()[pri:0, instance:practice.Tests.SubmitOrderTest@17f62e33]" started-at="2022-09-14T14:52:42 IST" name="launchApplication" finished-at="2022-09-14T14:52:46 IST" duration-ms="3972" status="PASS">
          <reporter-output>
          </reporter-output>
        </test-method> <!-- launchApplication -->
        <test-method signature="submitOrder()[pri:0, instance:practice.Tests.SubmitOrderTest@17f62e33]" started-at="2022-09-14T14:52:46 IST" name="submitOrder" finished-at="2022-09-14T14:52:52 IST" duration-ms="6925" status="PASS">
          <reporter-output>
          </reporter-output>
        </test-method> <!-- submitOrder -->
        <test-method is-config="true" signature="teardown()[pri:0, instance:practice.Tests.SubmitOrderTest@17f62e33]" started-at="2022-09-14T14:52:53 IST" name="teardown" finished-at="2022-09-14T14:52:53 IST" duration-ms="181" status="PASS">
          <reporter-output>
          </reporter-output>
        </test-method> <!-- teardown -->
      </class> <!-- practice.Tests.SubmitOrderTest -->
    </test> <!-- Default test -->
  </suite> <!-- Default suite -->
</testng-results>
