<?xml version="1.0" encoding="UTF-8"?>
<testng-results ignored="0" total="3" passed="3" failed="0" skipped="0">
  <reporter-output>
  </reporter-output>
  <suite started-at="2022-09-21T14:42:35 IST" name="Suite" finished-at="2022-09-21T14:43:06 IST" duration-ms="30950">
    <groups>
    </groups>
    <test started-at="2022-09-21T14:42:35 IST" name="Submit Order Test" finished-at="2022-09-21T14:42:50 IST" duration-ms="15608">
      <class name="practice.Tests.SubmitOrderTest">
        <test-method is-config="true" signature="launchApplication()[pri:0, instance:practice.Tests.SubmitOrderTest@17f62e33]" started-at="2022-09-21T14:42:35 IST" name="launchApplication" finished-at="2022-09-21T14:42:42 IST" duration-ms="7581" status="PASS">
          <reporter-output>
          </reporter-output>
        </test-method> <!-- launchApplication -->
        <test-method signature="submitOrder()[pri:0, instance:practice.Tests.SubmitOrderTest@17f62e33]" started-at="2022-09-21T14:42:42 IST" name="submitOrder" finished-at="2022-09-21T14:42:50 IST" duration-ms="7681" status="PASS">
          <reporter-output>
          </reporter-output>
        </test-method> <!-- submitOrder -->
        <test-method is-config="true" signature="teardown()[pri:0, instance:practice.Tests.SubmitOrderTest@17f62e33]" started-at="2022-09-21T14:42:50 IST" name="teardown" finished-at="2022-09-21T14:42:50 IST" duration-ms="246" status="PASS">
          <reporter-output>
          </reporter-output>
        </test-method> <!-- teardown -->
      </class> <!-- practice.Tests.SubmitOrderTest -->
    </test> <!-- Submit Order Test -->
    <test started-at="2022-09-21T14:42:50 IST" name="Error Validations Test" finished-at="2022-09-21T14:43:06 IST" duration-ms="15181">
      <class name="practice.Tests.ErrorValidationsTest">
        <test-method is-config="true" signature="launchApplication()[pri:0, instance:practice.Tests.ErrorValidationsTest@28dcca0c]" started-at="2022-09-21T14:42:50 IST" name="launchApplication" finished-at="2022-09-21T14:42:54 IST" duration-ms="3848" status="PASS">
          <reporter-output>
          </reporter-output>
        </test-method> <!-- launchApplication -->
        <test-method signature="LoginErrorValidation()[pri:0, instance:practice.Tests.ErrorValidationsTest@28dcca0c]" started-at="2022-09-21T14:42:54 IST" name="LoginErrorValidation" finished-at="2022-09-21T14:42:55 IST" duration-ms="619" status="PASS">
          <reporter-output>
          </reporter-output>
        </test-method> <!-- LoginErrorValidation -->
        <test-method is-config="true" signature="teardown()[pri:0, instance:practice.Tests.ErrorValidationsTest@28dcca0c]" started-at="2022-09-21T14:42:55 IST" name="teardown" finished-at="2022-09-21T14:42:55 IST" duration-ms="233" status="PASS">
          <reporter-output>
          </reporter-output>
        </test-method> <!-- teardown -->
        <test-method is-config="true" signature="launchApplication()[pri:0, instance:practice.Tests.ErrorValidationsTest@28dcca0c]" started-at="2022-09-21T14:42:55 IST" name="launchApplication" finished-at="2022-09-21T14:42:59 IST" duration-ms="3572" status="PASS">
          <reporter-output>
          </reporter-output>
        </test-method> <!-- launchApplication -->
        <test-method signature="ProductErrorValidation()[pri:0, instance:practice.Tests.ErrorValidationsTest@28dcca0c]" started-at="2022-09-21T14:42:59 IST" name="ProductErrorValidation" finished-at="2022-09-21T14:43:05 IST" duration-ms="6726" status="PASS">
          <reporter-output>
          </reporter-output>
        </test-method> <!-- ProductErrorValidation -->
        <test-method is-config="true" signature="teardown()[pri:0, instance:practice.Tests.ErrorValidationsTest@28dcca0c]" started-at="2022-09-21T14:43:05 IST" name="teardown" finished-at="2022-09-21T14:43:06 IST" duration-ms="171" status="PASS">
          <reporter-output>
          </reporter-output>
        </test-method> <!-- teardown -->
      </class> <!-- practice.Tests.ErrorValidationsTest -->
    </test> <!-- Error Validations Test -->
  </suite> <!-- Suite -->
</testng-results>
